[Bootstrap]
SetupTitle=Install
SetupText=Copying Files, please stand by.
CabFile=ISS2PCK.CAB
Spawn=Setup1.exe
Uninstal=st6unst.exe
TmpDir=msftqws.pdw
Cabs=1

[Bootstrap Files]
File1=@VB6STKIT.DLL,$(WinSysPathSysFile),,,7/15/43 12:00:00 AM,101888,6.0.84.50
File2=@COMCAT.DLL,$(WinSysPathSysFile),$(DLLSelfRegister),,5/31/41 12:00:00 AM,22288,4.71.1460.1
File3=@MSVCRT40.DLL,$(WinSysPathSysFile),,,6/1/42 12:00:00 AM,326656,4.22.0.0
File4=@STDOLE2.TLB,$(WinSysPathSysFile),$(TLBRegister),,6/3/42 12:00:00 AM,17920,2.40.4275.1
File5=@ASYCFILT.DLL,$(WinSysPathSysFile),,,3/8/42 12:00:00 AM,147728,2.40.4275.1
File6=@OLEPRO32.DLL,$(WinSysPathSysFile),$(DLLSelfRegister),,3/8/42 12:00:00 AM,164112,5.0.4275.1
File7=@OLEAUT32.DLL,$(WinSysPathSysFile),$(DLLSelfRegister),,4/12/43 12:00:00 AM,598288,2.40.4275.1
File8=@msvbvm60.dll,$(WinSysPathSysFile),$(DLLSelfRegister),,4/12/61 6:35:00 AM,1386496,6.0.98.15

[IconGroups]
Group0=ISS2PCK
PrivateGroup0=-1
Parent0=$(Programs)

[ISS2PCK]
Icon1="ISS2PCK.exe"
Title1=ISS2PCK
StartIn1=$(AppPath)

[Setup]
Title=ISS2PCK
DefaultDir=$(ProgramFiles)\ISS2PCK
AppExe=ISS2PCK.exe
AppToUninstall=ISS2PCK.exe

[Setup1 Files]
File1=@COMCTL32.OCX,$(WinSysPath),$(DLLSelfRegister),$(Shared),3/9/47 12:00:00 AM,609824,6.0.81.5
File2=@MSSTDFMT.DLL,$(WinSysPath),$(DLLSelfRegister),$(Shared),2/23/47 12:00:00 AM,119808,6.1.97.82
File3=@MSADODC.OCX,$(WinSysPath),$(DLLSelfRegister),$(Shared),3/9/47 12:00:00 AM,131856,6.1.97.82
File4=@MSVCRT.DLL,$(WinSysPathSysFile),,,2/17/47 12:00:00 AM,278581,6.0.9782.0
File5=@scrrun.dll,$(WinSysPath),$(DLLSelfRegister),$(Shared),11/1/61 11:29:39 AM,165376,5.812.10240.16384
File6=@msado28.tlb,$(WinSysPath),,$(Shared),4/12/61 6:34:54 AM,70656,6.2.17134.1
File7=@cdosys.dll,$(WinSysPath),$(DLLSelfRegister),$(Shared),4/12/61 6:34:54 AM,840704,6.6.17134.1
File8=@VB5DB.DLL,$(WinSysPath),,$(Shared),6/18/41 12:00:00 AM,89360,6.0.81.69
File9=@MSREPL35.DLL,$(WinSysPathSysFile),,,6/13/43 12:00:00 AM,415504,3.51.2404.0
File10=@MSRD2X35.DLL,$(WinSysPathSysFile),$(DLLSelfRegister),,4/24/41 12:00:00 AM,252176,3.51.623.0
File11=@expsrv.dll,$(WinSysPathSysFile),,,4/12/61 6:34:55 AM,380957,6.0.72.9589
File12=@vbajet32.dll,$(WinSysPathSysFile),,,4/12/61 6:34:55 AM,30749,6.0.1.9431
File13=@MSJINT35.DLL,$(WinSysPathSysFile),,,4/24/41 12:00:00 AM,123664,3.51.623.0
File14=@MSJTER35.DLL,$(WinSysPathSysFile),,,4/24/41 12:00:00 AM,24848,3.51.623.0
File15=@MSJET35.DLL,$(WinSysPathSysFile),$(DLLSelfRegister),,6/13/43 12:00:00 AM,1046288,3.51.2723.0
File16=@DAO350.DLL,$(MSDAOPath),$(DLLSelfRegister),$(Shared),4/27/41 12:00:00 AM,570128,3.51.1608.0
File17=@ISS2PCK.exe,$(AppPath),,,1/10/62 9:29:04 AM,6619136,1.0.0.0

; The following lines may be deleted in order to obtain extra 
; space for customizing this file on a full installation diskette.
; 
; XXXXXXXXXXXXXXXXXXXXXXXXXXXXXXXXXXXXXXXXXXXXXXXXXXXXXXXXXXXX
; XXXXXXXXXXXXXXXXXXXXXXXXXXXXXXXXXXXXXXXXXXXXXXXXXXXXXXXXXXXX
; XXXXXXXXXXXXXXXXXXXXXXXXXXXXXXXXXXXXXXXXXXXXXXXXXXXXXXXXXXXX
; XXXXXXXXXXXXXXXXXXXXXXXXXXXXXXXXXXXXXXXXXXXXXXXXXXXXXXXXXXXX
; XXXXXXXXXXXXXXXXXXXXXXXXXXXXXXXXXXXXXXXXXXXXXXXXXXXXXXXXXXXX
; XXXXXXXXXXXXXXXXXXXXXXXXXXXXXXXXXXXXXXXXXXXXXXXXXXXXXXXXXXXX
; XXXXXXXXXXXXXXXXXXXXXXXXXXXXXXXXXXXXXXXXXXXXXXXXXXXXXXXXXXXX
; XXXXXXXXXXXXXXXXXXXXXXXXXXXXXXXXXXXXXXXXXXXXXXXXXXXXXXXXXXXX
; XXXXXXXXXXXXXXXXXXXXXXXXXXXXXXXXXXXXXXXXXXXXXXXXXXXXXXXXXXXX
; XXXXXXXXXXXXXXXXXXXXXXXXXXXXXXXXXXXXXXXXXXXXXXXXXXXXXXXXXXXX
; XXXXXXXXXXXXXXXXXXXXXXXXXXXXXXXXXXXXXXXXXXXXXXXXXXXXXXXXXXXX
; XXXXXXXXXXXXXXXXXXXXXXXXXXXXXXXXXXXXXXXXXXXXXXXXXXXXXXXXXXXX
; XXXXXXXXXXXXXXXXXXXXXXXXXXXXXXXXXXXXXXXXXXXXXXXXXXXXXXXXXXXX
; XXXXXXXXXXXXXXXXXXXXXXXXXXXXXXXXXXXXXXXXXXXXXXXXXXXXXXXXXXXX
; XXXXXXXXXXXXXXXXXXXXXXXXXXXXXXXXXXXXXXXXXXXXXXXXXXXXXXXXXXXX
; XXXXXXXXXXXXXXXXXXXXXXXXXXXXXXXXXXXXXXXXXXXXXXXXXXXXXXXXXXXX
; XXXXXXXXXXXXXXXXXXXXXXXXXXXXXXXXXXXXXXXXXXXXXXXXXXXXXXXXXXXX
; XXXXXXXXXXXXXXXXXXXXXXXXXXXXXXXXXXXXXXXXXXXXXXXXXXXXXXXXXXXX
; XXXXXXXXXXXXXXXXXXXXXXXXXXXXXXXXXXXXXXXXXXXXXXXXXXXXXXXXXXXX
; XXXXXXXXXXXXXXXXXXXXXXXXXXXXXXXXXXXXXXXXXXXXXXXXXXXXXXXXXXXX
; XXXXXXXXXXXXXXXXXXXXXXXXXXXXXXXXXXXXXXXXXXXXXXXXXXXXXXXXXXXX
; XXXXXXXXXXXXXXXXXXXXXXXXXXXXXXXXXXXXXXXXXXXXXXXXXXXXXXXXXXXX
; XXXXXXXXXXXXXXXXXXXXXXXXXXXXXXXXXXXXXXXXXXXXXXXXXXXXXXXXXXXX
; XXXXXXXXXXXXXXXXXXXXXXXXXXXXXXXXXXXXXXXXXXXXXXXXXXXXXXXXXXXX
; XXXXXXXXXXXXXXXXXXXXXXXXXXXXXXXXXXXXXXXXXXXXXXXXXXXXXXXXXXXX
; XXXXXXXXXXXXXXXXXXXXXXXXXXXXXXXXXXXXXXXXXXXXXXXXXXXXXXXXXXXX
; XXXXXXXXXXXXXXXXXXXXXXXXXXXXXXXXXXXXXXXXXXXXXXXXXXXXXXXXXXXX
; XXXXXXXXXXXXXXXXXXXXXXXXXXXXXXXXXXXXXXXXXXXXXXXXXXXXXXXXXXXX
; XXXXXXXXXXXXXXXXXXXXXXXXXXXXXXXXXXXXXXXXXXXXXXXXXXXXXXXXXXXX
; XXXXXXXXXXXXXXXXXXXXXXXXXXXXXXXXXXXXXXXXXXXXXXXXXXXXXXXXXXXX
; XXXXXXXXXXXXXXXXXXXXXXXXXXXXXXXXXXXXXXXXXXXXXXXXXXXXXXXXXXXX
; XXXXXXXXXXXXXXXXXXXXXXXXXXXXXXXXXXXXXXXXXXXXXXXXXXXXXXXXXXXX
; XXXXXXXXXXXXXXXXXXXXXXXXXXXXXXXXXXXXXXXXXXXXXXXXXXXXXXXXXXXX
; XXXXXXXXXXXXXXXXXXXXXXXXXXXXXXXXXXXXXXXXXXXXXXXXXXXXXXXXXXXX
; XXXXXXXXXXXXXXXXXXXXXXXXXXXXXXXXXXXXXXXXXXXXXXXXXXXXXXXXXXXX
